build/app/intermediates/proguard-rules/release/aapt_rules.txt
# Referenced at merged_manifests/release/AndroidManifest.xml:15
-keep class androidx.core.app.CoreComponentFactory { <init>(); }
# Referenced at merged_manifests/release/AndroidManifest.xml:21
-keep class com.sayed.photo_search_app.MainActivity { <init>(); }
# Referenced at merged_manifests/release/AndroidManifest.xml:15
-keep class io.flutter.app.FlutterApplication { <init>(); }
# Referenced at merged_manifests/release/AndroidManifest.xml:63
-keep class io.flutter.plugins.urllauncher.WebViewActivity { <init>(); }