build/app/outputs/mapping/release/mapping.txt
# compiler: R8
# compiler_version: 1.5.64
# min_api: 16
# pg_map_id: 97a4074
...
io.flutter.embedding.engine.systemchannels.TextInputChannel$InputType -> io.flutter.embedding.engine.j.n$c:
    io.flutter.embedding.engine.systemchannels.TextInputChannel$TextInputType type -> a
    boolean isSigned -> b
    boolean isDecimal -> c
    io.flutter.embedding.engine.systemchannels.TextInputChannel$InputType fromJson(org.json.JSONObject) -> a
io.flutter.embedding.engine.systemchannels.TextInputChannel$TextCapitalization -> io.flutter.embedding.engine.j.n$d:
    io.flutter.embedding.engine.systemchannels.TextInputChannel$TextCapitalization CHARACTERS -> b
    io.flutter.embedding.engine.systemchannels.TextInputChannel$TextCapitalization WORDS -> c
    io.flutter.embedding.engine.systemchannels.TextInputChannel$TextCapitalization[] $VALUES -> f
    java.lang.String encodedName -> a
    io.flutter.embedding.engine.systemchannels.TextInputChannel$TextCapitalization SENTENCES -> d
    io.flutter.embedding.engine.systemchannels.TextInputChannel$TextCapitalization NONE -> e
    io.flutter.embedding.engine.systemchannels.TextInputChannel$TextCapitalization fromValue(java.lang.String) -> a
io.flutter.embedding.engine.systemchannels.TextInputChannel$TextEditState -> io.flutter.embedding.engine.j.n$e:
    java.lang.String text -> a
    int composingStart -> d
    int composingEnd -> e
    int selectionStart -> b
    int selectionEnd -> c
    io.flutter.embedding.engine.systemchannels.TextInputChannel$TextEditState fromJson(org.json.JSONObject) -> a
    boolean hasComposing() -> a
    boolean hasSelection() -> b
io.flutter.embedding.engine.systemchannels.TextInputChannel$TextInputMethodHandler -> io.flutter.embedding.engine.j.n$f:
    void finishAutofillContext(boolean) -> a
    void requestAutofill() -> a
    void sendAppPrivateCommand(java.lang.String,android.os.Bundle) -> a
    void setClient(int,io.flutter.embedding.engine.systemchannels.TextInputChannel$Configuration) -> a
    void setEditableSizeAndTransform(double,double,double[]) -> a
    void setEditingState(io.flutter.embedding.engine.systemchannels.TextInputChannel$TextEditState) -> a
    void setPlatformViewClient(int,boolean) -> a
    void clearClient() -> b
    void show() -> c
    void hide() -> d
io.flutter.embedding.engine.systemchannels.TextInputChannel$TextInputType -> io.flutter.embedding.engine.j.n$g:
    io.flutter.embedding.engine.systemchannels.TextInputChannel$TextInputType DATETIME -> c
    io.flutter.embedding.engine.systemchannels.TextInputChannel$TextInputType TEXT -> b
    io.flutter.embedding.engine.systemchannels.TextInputChannel$TextInputType POSTAL_ADDRESS -> e
    io.flutter.embedding.engine.systemchannels.TextInputChannel$TextInputType NAME -> d
    io.flutter.embedding.engine.systemchannels.TextInputChannel$TextInputType VISIBLE_PASSWORD -> k
    io.flutter.embedding.engine.systemchannels.TextInputChannel$TextInputType[] $VALUES -> m
    io.flutter.embedding.engine.systemchannels.TextInputChannel$TextInputType URL -> j
    java.lang.String encodedName -> a
    io.flutter.embedding.engine.systemchannels.TextInputChannel$TextInputType NONE -> l
    io.flutter.embedding.engine.systemchannels.TextInputChannel$TextInputType PHONE -> g
    io.flutter.embedding.engine.systemchannels.TextInputChannel$TextInputType NUMBER -> f
    io.flutter.embedding.engine.systemchannels.TextInputChannel$TextInputType EMAIL_ADDRESS -> i
    io.flutter.embedding.engine.systemchannels.TextInputChannel$TextInputType MULTILINE -> h
    io.flutter.embedding.engine.systemchannels.TextInputChannel$TextInputType fromValue(java.lang.String) -> a